0 info it worked if it ends with ok
1 verbose cli [ '/usr/bin/nodejs',
1 verbose cli   '/usr/bin/npm',
1 verbose cli   'install',
1 verbose cli   'npm@latest',
1 verbose cli   '-g' ]
2 info using npm@1.4.21
3 info using node@v0.10.29
4 verbose cache add [ 'npm@latest', null ]
5 verbose cache add name=undefined spec="npm@latest" args=["npm@latest",null]
6 verbose parsed url { protocol: null,
6 verbose parsed url   slashes: null,
6 verbose parsed url   auth: null,
6 verbose parsed url   host: null,
6 verbose parsed url   port: null,
6 verbose parsed url   hostname: null,
6 verbose parsed url   hash: null,
6 verbose parsed url   search: null,
6 verbose parsed url   query: null,
6 verbose parsed url   pathname: 'npm@latest',
6 verbose parsed url   path: 'npm@latest',
6 verbose parsed url   href: 'npm@latest' }
7 verbose cache add name="npm" spec="latest" args=["npm","latest"]
8 verbose parsed url { protocol: null,
8 verbose parsed url   slashes: null,
8 verbose parsed url   auth: null,
8 verbose parsed url   host: null,
8 verbose parsed url   port: null,
8 verbose parsed url   hostname: null,
8 verbose parsed url   hash: null,
8 verbose parsed url   search: null,
8 verbose parsed url   query: null,
8 verbose parsed url   pathname: 'latest',
8 verbose parsed url   path: 'latest',
8 verbose parsed url   href: 'latest' }
9 verbose addNamed [ 'npm', 'latest' ]
10 verbose addNamed [ null, null ]
11 silly lockFile 588f5fcc-npm-latest npm@latest
12 verbose lock npm@latest /home/nere/.npm/588f5fcc-npm-latest.lock
13 info addNameTag [ 'npm', 'latest' ]
14 verbose request where is /npm
15 verbose request registry https://registry.npmjs.org/
16 verbose request id 9640f1a31c321606
17 verbose url raw /npm
18 verbose url resolving [ 'https://registry.npmjs.org/', './npm' ]
19 verbose url resolved https://registry.npmjs.org/npm
20 verbose request where is https://registry.npmjs.org/npm
21 info trying registry request attempt 1 at 12:53:47
22 http GET https://registry.npmjs.org/npm
23 http 200 https://registry.npmjs.org/npm
24 silly registry.get cb [ 200,
24 silly registry.get   { server: 'nginx/1.10.1',
24 silly registry.get     'content-type': 'application/json',
24 silly registry.get     'last-modified': 'Mon, 10 Jul 2017 00:30:57 GMT',
24 silly registry.get     etag: 'W/"5962cac1-646cca"',
24 silly registry.get     'content-encoding': 'gzip',
24 silly registry.get     'cache-control': 'max-age=300',
24 silly registry.get     'content-length': '524275',
24 silly registry.get     'accept-ranges': 'bytes',
24 silly registry.get     date: 'Mon, 10 Jul 2017 21:10:54 GMT',
24 silly registry.get     via: '1.1 varnish',
24 silly registry.get     age: '18',
24 silly registry.get     connection: 'keep-alive',
24 silly registry.get     'x-served-by': 'cache-dfw1835-DFW',
24 silly registry.get     'x-cache': 'HIT',
24 silly registry.get     'x-cache-hits': '2',
24 silly registry.get     'x-timer': 'S1499721055.891604,VS0,VE0',
24 silly registry.get     vary: 'Accept-Encoding, Accept' } ]
25 verbose addNamed [ 'npm', '5.1.0' ]
26 verbose addNamed [ '5.1.0', '5.1.0' ]
27 silly lockFile c7c584b0-npm-5-1-0 npm@5.1.0
28 verbose lock npm@5.1.0 /home/nere/.npm/c7c584b0-npm-5-1-0.lock
29 silly lockFile d1a6310c-stry-npmjs-org-npm-npm-5-1-0-tgz https://registry.npmjs.org/npm/-/npm-5.1.0.tgz
30 verbose lock https://registry.npmjs.org/npm/-/npm-5.1.0.tgz /home/nere/.npm/d1a6310c-stry-npmjs-org-npm-npm-5-1-0-tgz.lock
31 verbose addRemoteTarball [ 'https://registry.npmjs.org/npm/-/npm-5.1.0.tgz',
31 verbose addRemoteTarball   'cf8201e044018e9c89532041c90094541982b2c0' ]
32 info retry fetch attempt 1 at 12:53:50
33 verbose fetch to= /tmp/npm-31345-X5D1kIDL/registry.npmjs.org/npm/-/npm-5.1.0.tgz
34 http GET https://registry.npmjs.org/npm/-/npm-5.1.0.tgz
35 http 200 https://registry.npmjs.org/npm/-/npm-5.1.0.tgz
36 silly lockFile d1a6310c-stry-npmjs-org-npm-npm-5-1-0-tgz https://registry.npmjs.org/npm/-/npm-5.1.0.tgz
37 silly lockFile d1a6310c-stry-npmjs-org-npm-npm-5-1-0-tgz https://registry.npmjs.org/npm/-/npm-5.1.0.tgz
38 silly lockFile c7c584b0-npm-5-1-0 npm@5.1.0
39 silly lockFile c7c584b0-npm-5-1-0 npm@5.1.0
40 silly lockFile 588f5fcc-npm-latest npm@latest
41 silly lockFile 588f5fcc-npm-latest npm@latest
42 silly resolved [ { version: '5.1.0',
42 silly resolved     name: 'npm',
42 silly resolved     description: 'a package manager for JavaScript',
42 silly resolved     keywords: [ 'install', 'modules', 'package manager', 'package.json' ],
42 silly resolved     preferGlobal: true,
42 silly resolved     config: { publishtest: false },
42 silly resolved     homepage: 'https://docs.npmjs.com/',
42 silly resolved     author:
42 silly resolved      { name: 'Isaac Z. Schlueter',
42 silly resolved        email: 'i@izs.me',
42 silly resolved        url: 'http://blog.izs.me' },
42 silly resolved     repository: { type: 'git', url: 'git+https://github.com/npm/npm.git' },
42 silly resolved     bugs: { url: 'https://github.com/npm/npm/issues' },
42 silly resolved     directories: { bin: './bin', doc: './doc', lib: './lib', man: './man' },
42 silly resolved     main: './lib/npm.js',
42 silly resolved     bin: { npm: './bin/npm-cli.js' },
42 silly resolved     dependencies:
42 silly resolved      { JSONStream: '~1.3.1',
42 silly resolved        abbrev: '~1.1.0',
42 silly resolved        'ansi-regex': '~3.0.0',
42 silly resolved        ansicolors: '~0.3.2',
42 silly resolved        ansistyles: '~0.1.3',
42 silly resolved        aproba: '~1.1.2',
42 silly resolved        archy: '~1.0.0',
42 silly resolved        bluebird: '~3.5.0',
42 silly resolved        cacache: '~9.2.9',
42 silly resolved        'call-limit': '~1.1.0',
42 silly resolved        chownr: '~1.0.1',
42 silly resolved        'cmd-shim': '~2.0.2',
42 silly resolved        columnify: '~1.5.4',
42 silly resolved        'config-chain': '~1.1.11',
42 silly resolved        'detect-indent': '~5.0.0',
42 silly resolved        dezalgo: '~1.0.3',
42 silly resolved        editor: '~1.0.0',
42 silly resolved        'fs-vacuum': '~1.2.10',
42 silly resolved        'fs-write-stream-atomic': '~1.0.10',
42 silly resolved        fstream: '~1.0.11',
42 silly resolved        'fstream-npm': '~1.2.1',
42 silly resolved        glob: '~7.1.2',
42 silly resolved        'graceful-fs': '~4.1.11',
42 silly resolved        'has-unicode': '~2.0.1',
42 silly resolved        'hosted-git-info': '~2.5.0',
42 silly resolved        iferr: '~0.1.5',
42 silly resolved        inflight: '~1.0.6',
42 silly resolved        inherits: '~2.0.3',
42 silly resolved        ini: '~1.3.4',
42 silly resolved        'init-package-json': '~1.10.1',
42 silly resolved        'lazy-property': '~1.0.0',
42 silly resolved        lockfile: '~1.0.3',
42 silly resolved        'lodash._baseuniq': '~4.6.0',
42 silly resolved        'lodash.clonedeep': '~4.5.0',
42 silly resolved        'lodash.union': '~4.6.0',
42 silly resolved        'lodash.uniq': '~4.5.0',
42 silly resolved        'lodash.without': '~4.4.0',
42 silly resolved        'lru-cache': '~4.1.1',
42 silly resolved        mississippi: '~1.3.0',
42 silly resolved        mkdirp: '~0.5.1',
42 silly resolved        'move-concurrently': '~1.0.1',
42 silly resolved        'node-gyp': '~3.6.2',
42 silly resolved        nopt: '~4.0.1',
42 silly resolved        'normalize-package-data': '~2.4.0',
42 silly resolved        'npm-cache-filename': '~1.0.2',
42 silly resolved        'npm-install-checks': '~3.0.0',
42 silly resolved        'npm-package-arg': '~5.1.2',
42 silly resolved        'npm-registry-client': '~8.4.0',
42 silly resolved        'npm-user-validate': '~1.0.0',
42 silly resolved        npmlog: '~4.1.2',
42 silly resolved        once: '~1.4.0',
42 silly resolved        opener: '~1.4.3',
42 silly resolved        osenv: '~0.1.4',
42 silly resolved        pacote: '~2.7.38',
42 silly resolved        'path-is-inside': '~1.0.2',
42 silly resolved        'promise-inflight': '~1.0.1',
42 silly resolved        read: '~1.0.7',
42 silly resolved        'read-cmd-shim': '~1.0.1',
42 silly resolved        'read-installed': '~4.0.3',
42 silly resolved        'read-package-json': '~2.0.9',
42 silly resolved        'read-package-tree': '~5.1.6',
42 silly resolved        'readable-stream': '~2.3.2',
42 silly resolved        request: '~2.81.0',
42 silly resolved        retry: '~0.10.1',
42 silly resolved        rimraf: '~2.6.1',
42 silly resolved        'safe-buffer': '~5.1.1',
42 silly resolved        semver: '~5.3.0',
42 silly resolved        sha: '~2.0.1',
42 silly resolved        slide: '~1.1.6',
42 silly resolved        'sorted-object': '~2.0.1',
42 silly resolved        'sorted-union-stream': '~2.1.3',
42 silly resolved        ssri: '~4.1.6',
42 silly resolved        'strip-ansi': '~4.0.0',
42 silly resolved        tar: '~2.2.1',
42 silly resolved        'text-table': '~0.2.0',
42 silly resolved        'uid-number': '0.0.6',
42 silly resolved        umask: '~1.1.0',
42 silly resolved        'unique-filename': '~1.1.0',
42 silly resolved        unpipe: '~1.0.0',
42 silly resolved        'update-notifier': '~2.2.0',
42 silly resolved        uuid: '~3.1.0',
42 silly resolved        'validate-npm-package-name': '~3.0.0',
42 silly resolved        which: '~1.2.14',
42 silly resolved        'worker-farm': '~1.3.1',
42 silly resolved        wrappy: '~1.0.2',
42 silly resolved        'write-file-atomic': '~2.1.0',
42 silly resolved        debuglog: '*',
42 silly resolved        imurmurhash: '*',
42 silly resolved        'lodash._baseindexof': '*',
42 silly resolved        'lodash._bindcallback': '*',
42 silly resolved        'lodash._cacheindexof': '*',
42 silly resolved        'lodash._createcache': '*',
42 silly resolved        'lodash._getnative': '*',
42 silly resolved        'lodash.restparam': '*',
42 silly resolved        'readdir-scoped-modules': '*',
42 silly resolved        'validate-npm-package-license': '*' },
42 silly resolved     bundleDependencies:
42 silly resolved      [ 'abbrev',
42 silly resolved        'ansi-regex',
42 silly resolved        'ansicolors',
42 silly resolved        'ansistyles',
42 silly resolved        'aproba',
42 silly resolved        'archy',
42 silly resolved        'cacache',
42 silly resolved        'call-limit',
42 silly resolved        'bluebird',
42 silly resolved        'chownr',
42 silly resolved        'cmd-shim',
42 silly resolved        'columnify',
42 silly resolved        'config-chain',
42 silly resolved        'debuglog',
42 silly resolved        'detect-indent',
42 silly resolved        'dezalgo',
42 silly resolved        'editor',
42 silly resolved        'fs-vacuum',
42 silly resolved        'fs-write-stream-atomic',
42 silly resolved        'fstream',
42 silly resolved        'fstream-npm',
42 silly resolved        'glob',
42 silly resolved        'graceful-fs',
42 silly resolved        'has-unicode',
42 silly resolved        'hosted-git-info',
42 silly resolved        'iferr',
42 silly resolved        'imurmurhash',
42 silly resolved        'inflight',
42 silly resolved        'inherits',
42 silly resolved        'ini',
42 silly resolved        'init-package-json',
42 silly resolved        'JSONStream',
42 silly resolved        'lazy-property',
42 silly resolved        'lockfile',
42 silly resolved        'lodash._baseindexof',
42 silly resolved        'lodash._baseuniq',
42 silly resolved        'lodash._bindcallback',
42 silly resolved        'lodash._cacheindexof',
42 silly resolved        'lodash._createcache',
42 silly resolved        'lodash._getnative',
42 silly resolved        'lodash.clonedeep',
42 silly resolved        'lodash.restparam',
42 silly resolved        'lodash.union',
42 silly resolved        'lodash.uniq',
42 silly resolved        'lodash.without',
42 silly resolved        'lru-cache',
42 silly resolved        'mkdirp',
42 silly resolved        'mississippi',
42 silly resolved        'move-concurrently',
42 silly resolved        'node-gyp',
42 silly resolved        'nopt',
42 silly resolved        'normalize-package-data',
42 silly resolved        'npm-cache-filename',
42 silly resolved        'npm-install-checks',
42 silly resolved        'npm-package-arg',
42 silly resolved        'npm-registry-client',
42 silly resolved        'npm-user-validate',
42 silly resolved        'npmlog',
42 silly resolved        'once',
42 silly resolved        'opener',
42 silly resolved        'osenv',
42 silly resolved        'pacote',
42 silly resolved        'path-is-inside',
42 silly resolved        'promise-inflight',
42 silly resolved        'read',
42 silly resolved        'read-cmd-shim',
42 silly resolved        'read-installed',
42 silly resolved        'read-package-json',
42 silly resolved        'read-package-tree',
42 silly resolved        'readable-stream',
42 silly resolved        'readdir-scoped-modules',
42 silly resolved        'request',
42 silly resolved        'retry',
42 silly resolved        'rimraf',
42 silly resolved        'semver',
42 silly resolved        'sha',
42 silly resolved        'slide',
42 silly resolved        'sorted-object',
42 silly resolved        'sorted-union-stream',
42 silly resolved        'ssri',
42 silly resolved        'strip-ansi',
42 silly resolved        'tar',
42 silly resolved        'text-table',
42 silly resolved        'uid-number',
42 silly resolved        'umask',
42 silly resolved        'unique-filename',
42 silly resolved        'unpipe',
42 silly resolved        'update-notifier',
42 silly resolved        'uuid',
42 silly resolved        'validate-npm-package-license',
42 silly resolved        'validate-npm-package-name',
42 silly resolved        'which',
42 silly resolved        'wrappy',
42 silly resolved        'write-file-atomic',
42 silly resolved        'safe-buffer',
42 silly resolved        'worker-farm' ],
42 silly resolved     devDependencies:
42 silly resolved      { 'deep-equal': '~1.0.1',
42 silly resolved        marked: '~0.3.6',
42 silly resolved        'marked-man': '~0.2.1',
42 silly resolved        'npm-registry-couchapp': '~2.6.13',
42 silly resolved        'npm-registry-mock': '~1.1.0',
42 silly resolved        'require-inject': '~1.4.2',
42 silly resolved        'sprintf-js': '~1.1.1',
42 silly resolved        standard: '~6.0.8',
42 silly resolved        tacks: '~1.2.6',
42 silly resolved        tap: '~10.7.0' },
42 silly resolved     scripts:
42 silly resolved      { dumpconf: 'env | grep npm | sort | uniq',
42 silly resolved        prepare: 'node bin/npm-cli.js --no-timing prune --prefix=. --no-global && rimraf test/*/*/node_modules && make -j4 doc',
42 silly resolved        preversion: 'bash scripts/update-authors.sh && git add AUTHORS && git commit -m "update AUTHORS" || true',
42 silly resolved        tap: 'tap --timeout 300',
42 silly resolved        'tap-cover': 'tap --nyc-arg=\'--cache\' --coverage --timeout 600',
42 silly resolved        test: 'standard && npm run test-tap',
42 silly resolved        'test-coverage': 'npm run tap-cover -- "test/tap/*.js" "test/network/*.js" "test/broken-under-*/*.js"',
42 silly resolved        'test-tap': 'npm run tap -- "test/tap/*.js" "test/network/*.js" "test/broken-under-*/*.js"',
42 silly resolved        'test-node': 'tap --timeout 240 "test/tap/*.js" "test/network/*.js" "test/broken-under-nyc*/*.js"' },
42 silly resolved     license: 'Artistic-2.0',
42 silly resolved     contributors:
42 silly resolved      [ [Object],
42 silly resolved        [Object],
42 silly resolved        [Object],
42 silly resolved        [Object],
42 silly resolved        [Object],
42 silly resolved        [Object],
42 silly resolved        [Object],
42 silly resolved        [Object],
42 silly resolved        [Object],
42 silly resolved        [Object],
42 silly resolved        [Object],
42 silly resolved        [Object],
42 silly resolved        [Object],
42 silly resolved        [Object],
42 silly resolved        [Object],
42 silly resolved        [Object],
42 silly resolved        [Object],
42 silly resolved        [Object],
42 silly resolved        [Object],
42 silly resolved        [Object],
42 silly resolved        [Object],
42 silly resolved        [Object],
42 silly resolved        [Object],
42 silly resolved        [Object],
42 silly resolved        [Object],
42 silly resolved        [Object],
42 silly resolved        [Object],
42 silly resolved        [Object],
42 silly resolved        [Object],
42 silly resolved        [Object],
42 silly resolved        [Object],
42 silly resolved        [Object],
42 silly resolved        [Object],
42 silly resolved        [Object],
42 silly resolved        [Object],
42 silly resolved        [Object],
42 silly resolved        [Object],
42 silly resolved        [Object],
42 silly resolved        [Object],
42 silly resolved        [Object],
42 silly resolved        [Object],
42 silly resolved        [Object],
42 silly resolved        [Object],
42 silly resolved        [Object],
42 silly resolved        [Object],
42 silly resolved        [Object],
42 silly resolved        [Object],
42 silly resolved        [Object],
42 silly resolved        [Object],
42 silly resolved        [Object],
42 silly resolved        [Object],
42 silly resolved        [Object],
42 silly resolved        [Object],
42 silly resolved        [Object],
42 silly resolved        [Object],
42 silly resolved        [Object],
42 silly resolved        [Object],
42 silly resolved        [Object],
42 silly resolved        [Object],
42 silly resolved        [Object],
42 silly resolved        [Object],
42 silly resolved        [Object],
42 silly resolved        [Object],
42 silly resolved        [Object],
42 silly resolved        [Object],
42 silly resolved        [Object],
42 silly resolved        [Object],
42 silly resolved        [Object],
42 silly resolved        [Object],
42 silly resolved        [Object],
42 silly resolved        [Object],
42 silly resolved        [Object],
42 silly resolved        [Object],
42 silly resolved        [Object],
42 silly resolved        [Object],
42 silly resolved        [Object],
42 silly resolved        [Object],
42 silly resolved        [Object],
42 silly resolved        [Object],
42 silly resolved        [Object],
42 silly resolved        [Object],
42 silly resolved        [Object],
42 silly resolved        [Object],
42 silly resolved        [Object],
42 silly resolved        [Object],
42 silly resolved        [Object],
42 silly resolved        [Object],
42 silly resolved        [Object],
42 silly resolved        [Object],
42 silly resolved        [Object],
42 silly resolved        [Object],
42 silly resolved        [Object],
42 silly resolved        [Object],
42 silly resolved        [Object],
42 silly resolved        [Object],
42 silly resolved        [Object],
42 silly resolved        [Object],
42 silly resolved        [Object],
42 silly resolved        [Object],
42 silly resolved        [Object],
42 silly resolved        [Object],
42 silly resolved        [Object],
42 silly resolved        [Object],
42 silly resolved        [Object],
42 silly resolved        [Object],
42 silly resolved        [Object],
42 silly resolved        [Object],
42 silly resolved        [Object],
42 silly resolved        [Object],
42 silly resolved        [Object],
42 silly resolved        [Object],
42 silly resolved        [Object],
42 silly resolved        [Object],
42 silly resolved        [Object],
42 silly resolved        [Object],
42 silly resolved        [Object],
42 silly resolved        [Object],
42 silly resolved        [Object],
42 silly resolved        [Object],
42 silly resolved        [Object],
42 silly resolved        [Object],
42 silly resolved        [Object],
42 silly resolved        [Object],
42 silly resolved        [Object],
42 silly resolved        [Object],
42 silly resolved        [Object],
42 silly resolved        [Object],
42 silly resolved        [Object],
42 silly resolved        [Object],
42 silly resolved        [Object],
42 silly resolved        [Object],
42 silly resolved        [Object],
42 silly resolved        [Object],
42 silly resolved        [Object],
42 silly resolved        [Object],
42 silly resolved        [Object],
42 silly resolved        [Object],
42 silly resolved        [Object],
42 silly resolved        [Object],
42 silly resolved        [Object],
42 silly resolved        [Object],
42 silly resolved        [Object],
42 silly resolved        [Object],
42 silly resolved        [Object],
42 silly resolved        [Object],
42 silly resolved        [Object],
42 silly resolved        [Object],
42 silly resolved        [Object],
42 silly resolved        [Object],
42 silly resolved        [Object],
42 silly resolved        [Object],
42 silly resolved        [Object],
42 silly resolved        [Object],
42 silly resolved        [Object],
42 silly resolved        [Object],
42 silly resolved        [Object],
42 silly resolved        [Object],
42 silly resolved        [Object],
42 silly resolved        [Object],
42 silly resolved        [Object],
42 silly resolved        [Object],
42 silly resolved        [Object],
42 silly resolved        [Object],
42 silly resolved        [Object],
42 silly resolved        [Object],
42 silly resolved        [Object],
42 silly resolved        [Object],
42 silly resolved        [Object],
42 silly resolved        [Object],
42 silly resolved        [Object],
42 silly resolved        [Object],
42 silly resolved        [Object],
42 silly resolved        [Object],
42 silly resolved        [Object],
42 silly resolved        [Object],
42 silly resolved        [Object],
42 silly resolved        [Object],
42 silly resolved        [Object],
42 silly resolved        [Object],
42 silly resolved        [Object],
42 silly resolved        [Object],
42 silly resolved        [Object],
42 silly resolved        [Object],
42 silly resolved        [Object],
42 silly resolved        [Object],
42 silly resolved        [Object],
42 silly resolved        [Object],
42 silly resolved        [Object],
42 silly resolved        [Object],
42 silly resolved        [Object],
42 silly resolved        [Object],
42 silly resolved        [Object],
42 silly resolved        [Object],
42 silly resolved        [Object],
42 silly resolved        [Object],
42 silly resolved        [Object],
42 silly resolved        [Object],
42 silly resolved        [Object],
42 silly resolved        [Object],
42 silly resolved        [Object],
42 silly resolved        [Object],
42 silly resolved        [Object],
42 silly resolved        [Object],
42 silly resolved        [Object],
42 silly resolved        [Object],
42 silly resolved        [Object],
42 silly resolved        [Object],
42 silly resolved        [Object],
42 silly resolved        [Object],
42 silly resolved        [Object],
42 silly resolved        [Object],
42 silly resolved        [Object],
42 silly resolved        [Object],
42 silly resolved        [Object],
42 silly resolved        [Object],
42 silly resolved        [Object],
42 silly resolved        [Object],
42 silly resolved        [Object],
42 silly resolved        [Object],
42 silly resolved        [Object],
42 silly resolved        [Object],
42 silly resolved        [Object],
42 silly resolved        [Object],
42 silly resolved        [Object],
42 silly resolved        [Object],
42 silly resolved        [Object],
42 silly resolved        [Object],
42 silly resolved        [Object],
42 silly resolved        [Object],
42 silly resolved        [Object],
42 silly resolved        [Object],
42 silly resolved        [Object],
42 silly resolved        [Object],
42 silly resolved        [Object],
42 silly resolved        [Object],
42 silly resolved        [Object],
42 silly resolved        [Object],
42 silly resolved        [Object],
42 silly resolved        [Object],
42 silly resolved        [Object],
42 silly resolved        [Object],
42 silly resolved        [Object],
42 silly resolved        [Object],
42 silly resolved        [Object],
42 silly resolved        [Object],
42 silly resolved        [Object],
42 silly resolved        [Object],
42 silly resolved        [Object],
42 silly resolved        [Object],
42 silly resolved        [Object],
42 silly resolved        [Object],
42 silly resolved        [Object],
42 silly resolved        [Object],
42 silly resolved        [Object],
42 silly resolved        [Object],
42 silly resolved        [Object],
42 silly resolved        [Object],
42 silly resolved        [Object],
42 silly resolved        [Object],
42 silly resolved        [Object],
42 silly resolved        [Object],
42 silly resolved        [Object],
42 silly resolved        [Object],
42 silly resolved        [Object],
42 silly resolved        [Object],
42 silly resolved        [Object],
42 silly resolved        [Object],
42 silly resolved        [Object],
42 silly resolved        [Object],
42 silly resolved        [Object],
42 silly resolved        [Object],
42 silly resolved        [Object],
42 silly resolved        [Object],
42 silly resolved        [Object],
42 silly resolved        [Object],
42 silly resolved        [Object],
42 silly resolved        [Object],
42 silly resolved        [Object],
42 silly resolved        [Object],
42 silly resolved        [Object],
42 silly resolved        [Object],
42 silly resolved        [Object],
42 silly resolved        [Object],
42 silly resolved        [Object],
42 silly resolved        [Object],
42 silly resolved        [Object],
42 silly resolved        [Object],
42 silly resolved        [Object],
42 silly resolved        [Object],
42 silly resolved        [Object],
42 silly resolved        [Object],
42 silly resolved        [Object],
42 silly resolved        [Object],
42 silly resolved        [Object],
42 silly resolved        [Object],
42 silly resolved        [Object],
42 silly resolved        [Object],
42 silly resolved        [Object],
42 silly resolved        [Object],
42 silly resolved        [Object],
42 silly resolved        [Object],
42 silly resolved        [Object],
42 silly resolved        [Object],
42 silly resolved        [Object],
42 silly resolved        [Object],
42 silly resolved        [Object],
42 silly resolved        [Object],
42 silly resolved        [Object],
42 silly resolved        [Object],
42 silly resolved        [Object],
42 silly resolved        [Object],
42 silly resolved        [Object],
42 silly resolved        [Object],
42 silly resolved        [Object],
42 silly resolved        [Object],
42 silly resolved        [Object],
42 silly resolved        [Object],
42 silly resolved        [Object],
42 silly resolved        [Object],
42 silly resolved        [Object],
42 silly resolved        [Object],
42 silly resolved        [Object],
42 silly resolved        [Object],
42 silly resolved        [Object],
42 silly resolved        [Object],
42 silly resolved        [Object],
42 silly resolved        [Object],
42 silly resolved        [Object],
42 silly resolved        [Object],
42 silly resolved        [Object],
42 silly resolved        [Object],
42 silly resolved        [Object],
42 silly resolved        [Object],
42 silly resolved        [Object],
42 silly resolved        [Object],
42 silly resolved        [Object],
42 silly resolved        [Object],
42 silly resolved        [Object],
42 silly resolved        [Object],
42 silly resolved        [Object],
42 silly resolved        [Object],
42 silly resolved        [Object],
42 silly resolved        [Object],
42 silly resolved        [Object],
42 silly resolved        [Object],
42 silly resolved        [Object],
42 silly resolved        [Object],
42 silly resolved        [Object],
42 silly resolved        [Object],
42 silly resolved        [Object],
42 silly resolved        [Object],
42 silly resolved        [Object],
42 silly resolved        [Object],
42 silly resolved        [Object],
42 silly resolved        [Object],
42 silly resolved        [Object],
42 silly resolved        [Object],
42 silly resolved        [Object],
42 silly resolved        [Object],
42 silly resolved        [Object],
42 silly resolved        [Object],
42 silly resolved        [Object],
42 silly resolved        [Object],
42 silly resolved        [Object],
42 silly resolved        [Object],
42 silly resolved        [Object],
42 silly resolved        [Object],
42 silly resolved        [Object],
42 silly resolved        [Object],
42 silly resolved        [Object],
42 silly resolved        [Object],
42 silly resolved        [Object],
42 silly resolved        [Object],
42 silly resolved        [Object],
42 silly resolved        [Object],
42 silly resolved        [Object],
42 silly resolved        [Object],
42 silly resolved        [Object],
42 silly resolved        [Object],
42 silly resolved        [Object],
42 silly resolved        [Object],
42 silly resolved        [Object],
42 silly resolved        [Object],
42 silly resolved        [Object],
42 silly resolved        [Object],
42 silly resolved        [Object],
42 silly resolved        [Object],
42 silly resolved        [Object],
42 silly resolved        [Object],
42 silly resolved        [Object],
42 silly resolved        [Object],
42 silly resolved        [Object],
42 silly resolved        [Object],
42 silly resolved        [Object],
42 silly resolved        [Object],
42 silly resolved        [Object],
42 silly resolved        [Object],
42 silly resolved        [Object],
42 silly resolved        [Object],
42 silly resolved        [Object],
42 silly resolved        [Object],
42 silly resolved        [Object],
42 silly resolved        [Object],
42 silly resolved        [Object],
42 silly resolved        [Object],
42 silly resolved        [Object],
42 silly resolved        [Object],
42 silly resolved        [Object],
42 silly resolved        [Object],
42 silly resolved        [Object],
42 silly resolved        [Object],
42 silly resolved        [Object],
42 silly resolved        [Object],
42 silly resolved        [Object],
42 silly resolved        [Object],
42 silly resolved        [Object],
42 silly resolved        [Object],
42 silly resolved        [Object],
42 silly resolved        [Object],
42 silly resolved        [Object],
42 silly resolved        [Object],
42 silly resolved        [Object],
42 silly resolved        [Object],
42 silly resolved        [Object],
42 silly resolved        [Object],
42 silly resolved        [Object],
42 silly resolved        [Object],
42 silly resolved        [Object],
42 silly resolved        [Object],
42 silly resolved        [Object],
42 silly resolved        [Object],
42 silly resolved        [Object],
42 silly resolved        [Object],
42 silly resolved        [Object],
42 silly resolved        [Object],
42 silly resolved        [Object],
42 silly resolved        [Object],
42 silly resolved        [Object],
42 silly resolved        [Object],
42 silly resolved        [Object],
42 silly resolved        [Object],
42 silly resolved        [Object],
42 silly resolved        [Object],
42 silly resolved        [Object],
42 silly resolved        [Object],
42 silly resolved        [Object],
42 silly resolved        [Object],
42 silly resolved        [Object],
42 silly resolved        [Object],
42 silly resolved        [Object],
42 silly resolved        [Object],
42 silly resolved        [Object],
42 silly resolved        [Object],
42 silly resolved        [Object],
42 silly resolved        [Object],
42 silly resolved        [Object],
42 silly resolved        [Object],
42 silly resolved        [Object],
42 silly resolved        [Object],
42 silly resolved        [Object],
42 silly resolved        [Object],
42 silly resolved        [Object],
42 silly resolved        [Object],
42 silly resolved        [Object],
42 silly resolved        [Object],
42 silly resolved        [Object],
42 silly resolved        [Object],
42 silly resolved        [Object],
42 silly resolved        [Object],
42 silly resolved        [Object],
42 silly resolved        [Object],
42 silly resolved        [Object],
42 silly resolved        [Object],
42 silly resolved        [Object],
42 silly resolved        [Object],
42 silly resolved        [Object],
42 silly resolved        [Object],
42 silly resolved        [Object],
42 silly resolved        [Object],
42 silly resolved        [Object],
42 silly resolved        [Object],
42 silly resolved        [Object],
42 silly resolved        [Object],
42 silly resolved        [Object],
42 silly resolved        [Object],
42 silly resolved        [Object],
42 silly resolved        [Object],
42 silly resolved        [Object],
42 silly resolved        [Object],
42 silly resolved        [Object],
42 silly resolved        [Object],
42 silly resolved        [Object],
42 silly resolved        [Object],
42 silly resolved        [Object],
42 silly resolved        [Object],
42 silly resolved        [Object] ],
42 silly resolved     man:
42 silly resolved      [ '/Users/zkat/Documents/code/npm/man/man1/npm-access.1',
42 silly resolved        '/Users/zkat/Documents/code/npm/man/man1/npm-adduser.1',
42 silly resolved        '/Users/zkat/Documents/code/npm/man/man1/npm-bin.1',
42 silly resolved        '/Users/zkat/Documents/code/npm/man/man1/npm-bugs.1',
42 silly resolved        '/Users/zkat/Documents/code/npm/man/man1/npm-build.1',
42 silly resolved        '/Users/zkat/Documents/code/npm/man/man1/npm-bundle.1',
42 silly resolved        '/Users/zkat/Documents/code/npm/man/man1/npm-cache.1',
42 silly resolved        '/Users/zkat/Documents/code/npm/man/man1/npm-completion.1',
42 silly resolved        '/Users/zkat/Documents/code/npm/man/man1/npm-config.1',
42 silly resolved        '/Users/zkat/Documents/code/npm/man/man1/npm-dedupe.1',
42 silly resolved        '/Users/zkat/Documents/code/npm/man/man1/npm-deprecate.1',
42 silly resolved        '/Users/zkat/Documents/code/npm/man/man1/npm-dist-tag.1',
42 silly resolved        '/Users/zkat/Documents/code/npm/man/man1/npm-docs.1',
42 silly resolved        '/Users/zkat/Documents/code/npm/man/man1/npm-doctor.1',
42 silly resolved        '/Users/zkat/Documents/code/npm/man/man1/npm-edit.1',
42 silly resolved        '/Users/zkat/Documents/code/npm/man/man1/npm-explore.1',
42 silly resolved        '/Users/zkat/Documents/code/npm/man/man1/npm-help-search.1',
42 silly resolved        '/Users/zkat/Documents/code/npm/man/man1/npm-help.1',
42 silly resolved        '/Users/zkat/Documents/code/npm/man/man1/npm-init.1',
42 silly resolved        '/Users/zkat/Documents/code/npm/man/man1/npm-install-test.1',
42 silly resolved        '/Users/zkat/Documents/code/npm/man/man1/npm-install.1',
42 silly resolved        '/Users/zkat/Documents/code/npm/man/man1/npm-link.1',
42 silly resolved        '/Users/zkat/Documents/code/npm/man/man1/npm-logout.1',
42 silly resolved        '/Users/zkat/Documents/code/npm/man/man1/npm-ls.1',
42 silly resolved        '/Users/zkat/Documents/code/npm/man/man1/npm-outdated.1',
42 silly resolved        '/Users/zkat/Documents/code/npm/man/man1/npm-owner.1',
42 silly resolved        '/Users/zkat/Documents/code/npm/man/man1/npm-pack.1',
42 silly resolved        '/Users/zkat/Documents/code/npm/man/man1/npm-ping.1',
42 silly resolved        '/Users/zkat/Documents/code/npm/man/man1/npm-prefix.1',
42 silly resolved        '/Users/zkat/Documents/code/npm/man/man1/npm-prune.1',
42 silly resolved        '/Users/zkat/Documents/code/npm/man/man1/npm-publish.1',
42 silly resolved        '/Users/zkat/Documents/code/npm/man/man1/npm-README.1',
42 silly resolved        '/Users/zkat/Documents/code/npm/man/man1/npm-rebuild.1',
42 silly resolved        '/Users/zkat/Documents/code/npm/man/man1/npm-repo.1',
42 silly resolved        '/Users/zkat/Documents/code/npm/man/man1/npm-restart.1',
42 silly resolved        '/Users/zkat/Documents/code/npm/man/man1/npm-root.1',
42 silly resolved        '/Users/zkat/Documents/code/npm/man/man1/npm-run-script.1',
42 silly resolved        '/Users/zkat/Documents/code/npm/man/man1/npm-search.1',
42 silly resolved        '/Users/zkat/Documents/code/npm/man/man1/npm-shrinkwrap.1',
42 silly resolved        '/Users/zkat/Documents/code/npm/man/man1/npm-star.1',
42 silly resolved        '/Users/zkat/Documents/code/npm/man/man1/npm-stars.1',
42 silly resolved        '/Users/zkat/Documents/code/npm/man/man1/npm-start.1',
42 silly resolved        '/Users/zkat/Documents/code/npm/man/man1/npm-stop.1',
42 silly resolved        '/Users/zkat/Documents/code/npm/man/man1/npm-team.1',
42 silly resolved        '/Users/zkat/Documents/code/npm/man/man1/npm-test.1',
42 silly resolved        '/Users/zkat/Documents/code/npm/man/man1/npm-uninstall.1',
42 silly resolved        '/Users/zkat/Documents/code/npm/man/man1/npm-unpublish.1',
42 silly resolved        '/Users/zkat/Documents/code/npm/man/man1/npm-update.1',
42 silly resolved        '/Users/zkat/Documents/code/npm/man/man1/npm-version.1',
42 silly resolved        '/Users/zkat/Documents/code/npm/man/man1/npm-view.1',
42 silly resolved        '/Users/zkat/Documents/code/npm/man/man1/npm-whoami.1',
42 silly resolved        '/Users/zkat/Documents/code/npm/man/man1/npm.1',
42 silly resolved        '/Users/zkat/Documents/code/npm/man/man5/npm-folders.5',
42 silly resolved        '/Users/zkat/Documents/code/npm/man/man5/npm-global.5',
42 silly resolved        '/Users/zkat/Documents/code/npm/man/man5/npm-json.5',
42 silly resolved        '/Users/zkat/Documents/code/npm/man/man5/npm-package-locks.5',
42 silly resolved        '/Users/zkat/Documents/code/npm/man/man5/npm-shrinkwrap.json.5',
42 silly resolved        '/Users/zkat/Documents/code/npm/man/man5/npmrc.5',
42 silly resolved        '/Users/zkat/Documents/code/npm/man/man5/package-lock.json.5',
42 silly resolved        '/Users/zkat/Documents/code/npm/man/man5/package.json.5',
42 silly resolved        '/Users/zkat/Documents/code/npm/man/man7/npm-coding-style.7',
42 silly resolved        '/Users/zkat/Documents/code/npm/man/man7/npm-config.7',
42 silly resolved        '/Users/zkat/Documents/code/npm/man/man7/npm-developers.7',
42 silly resolved        '/Users/zkat/Documents/code/npm/man/man7/npm-disputes.7',
42 silly resolved        '/Users/zkat/Documents/code/npm/man/man7/npm-index.7',
42 silly resolved        '/Users/zkat/Documents/code/npm/man/man7/npm-orgs.7',
42 silly resolved        '/Users/zkat/Documents/code/npm/man/man7/npm-registry.7',
42 silly resolved        '/Users/zkat/Documents/code/npm/man/man7/npm-scope.7',
42 silly resolved        '/Users/zkat/Documents/code/npm/man/man7/npm-scripts.7',
42 silly resolved        '/Users/zkat/Documents/code/npm/man/man7/removing-npm.7',
42 silly resolved        '/Users/zkat/Documents/code/npm/man/man7/semver.7' ],
42 silly resolved     gitHead: '24ec9f2dd4dcd4f25622dff3a502d4e86a025c0d',
42 silly resolved     _id: 'npm@5.1.0',
42 silly resolved     _npmVersion: '5.1.0',
42 silly resolved     _nodeVersion: '8.1.2',
42 silly resolved     _npmUser: { name: 'zkat', email: 'kat@sykosomatic.org' },
42 silly resolved     dist:
42 silly resolved      { integrity: 'sha512-pt5ClxEmY/dLpb60SmGQQBKi3nB6Ljx1FXmpoCUdAULlGqGVn2uCyXxPCWFbcuHGthT7qGiaGa1wOfs/UjGYMw==',
42 silly resolved        shasum: 'cf8201e044018e9c89532041c90094541982b2c0',
42 silly resolved        tarball: 'https://registry.npmjs.org/npm/-/npm-5.1.0.tgz' },
42 silly resolved     maintainers: [ [Object], [Object], [Object], [Object] ],
42 silly resolved     _npmOperationalInternal:
42 silly resolved      { host: 's3://npm-registry-packages',
42 silly resolved        tmp: 'tmp/npm-5.1.0.tgz_1499306275918_0.33824137318879366' },
42 silly resolved     _shasum: 'cf8201e044018e9c89532041c90094541982b2c0',
42 silly resolved     _from: 'npm@latest',
42 silly resolved     _resolved: 'https://registry.npmjs.org/npm/-/npm-5.1.0.tgz' } ]
43 info install npm@5.1.0 into /usr/local/lib
44 info installOne npm@5.1.0
45 verbose lib/node_modules/npm unbuild
46 info preuninstall npm@5.1.0
47 info uninstall npm@5.1.0
48 verbose true,/usr/local/lib/node_modules,/usr/local/lib/node_modules unbuild npm@5.1.0
49 verbose /usr/local/bin,[object Object] binRoot
50 verbose lib/node_modules/npm unbuild
51 info preuninstall npm@5.1.0
52 info uninstall npm@5.1.0
53 verbose true,/usr/local/lib/node_modules,/usr/local/lib/node_modules unbuild npm@5.1.0
54 verbose /usr/local/bin,[object Object] binRoot
55 error error rolling back Error: EACCES, unlink '/usr/local/bin/npm'
55 error error rolling back  npm@5.1.0 { [Error: EACCES, unlink '/usr/local/bin/npm'] errno: 3, code: 'EACCES', path: '/usr/local/bin/npm' }
56 error Error: EACCES, unlink '/usr/local/bin/npm'
56 error  { [Error: EACCES, unlink '/usr/local/bin/npm'] errno: 3, code: 'EACCES', path: '/usr/local/bin/npm' }
57 error Please try running this command again as root/Administrator.
58 error System Linux 3.16.0-4-amd64
59 error command "/usr/bin/nodejs" "/usr/bin/npm" "install" "npm@latest" "-g"
60 error cwd /home/nere/Documentos/prog-web
61 error node -v v0.10.29
62 error npm -v 1.4.21
63 error path /usr/local/bin/npm
64 error code EACCES
65 error errno 3
66 error stack Error: EACCES, unlink '/usr/local/bin/npm'
67 verbose exit [ 3, true ]
